{"C:\\Users\\GRA\\Desktop\\MICROVERSE\\ModuleII\\todo-list\\src\\module\\crud.js": {"path":"C:\\Users\\GRA\\Desktop\\MICROVERSE\\ModuleII\\todo-list\\src\\module\\crud.js","statementMap":{"0":{"start":{"line":5,"column":23},"end":{"line":5,"column":38}},"1":{"start":{"line":7,"column":26},"end":{"line":11,"column":1}},"2":{"start":{"line":8,"column":2},"end":{"line":10,"column":3}},"3":{"start":{"line":9,"column":4},"end":{"line":9,"column":56}},"4":{"start":{"line":13,"column":17},"end":{"line":18,"column":1}},"5":{"start":{"line":14,"column":2},"end":{"line":14,"column":45}},"6":{"start":{"line":15,"column":2},"end":{"line":17,"column":5}},"7":{"start":{"line":16,"column":4},"end":{"line":16,"column":69}},"8":{"start":{"line":20,"column":24},"end":{"line":27,"column":1}},"9":{"start":{"line":21,"column":2},"end":{"line":26,"column":5}},"10":{"start":{"line":22,"column":4},"end":{"line":24,"column":5}},"11":{"start":{"line":23,"column":6},"end":{"line":23,"column":22}},"12":{"start":{"line":25,"column":4},"end":{"line":25,"column":16}},"13":{"start":{"line":29,"column":19},"end":{"line":46,"column":1}},"14":{"start":{"line":30,"column":2},"end":{"line":44,"column":3}},"15":{"start":{"line":31,"column":4},"end":{"line":31,"column":46}},"16":{"start":{"line":32,"column":4},"end":{"line":32,"column":31}},"17":{"start":{"line":33,"column":4},"end":{"line":33,"column":77}},"18":{"start":{"line":35,"column":4},"end":{"line":43,"column":7}},"19":{"start":{"line":36,"column":6},"end":{"line":41,"column":7}},"20":{"start":{"line":37,"column":34},"end":{"line":37,"column":42}},"21":{"start":{"line":38,"column":8},"end":{"line":38,"column":81}},"22":{"start":{"line":39,"column":8},"end":{"line":39,"column":43}},"23":{"start":{"line":40,"column":8},"end":{"line":40,"column":81}},"24":{"start":{"line":42,"column":6},"end":{"line":42,"column":18}},"25":{"start":{"line":45,"column":2},"end":{"line":45,"column":37}},"26":{"start":{"line":48,"column":19},"end":{"line":57,"column":1}},"27":{"start":{"line":49,"column":2},"end":{"line":56,"column":3}},"28":{"start":{"line":50,"column":4},"end":{"line":50,"column":39}},"29":{"start":{"line":52,"column":20},"end":{"line":52,"column":51}},"30":{"start":{"line":53,"column":4},"end":{"line":53,"column":41}},"31":{"start":{"line":54,"column":4},"end":{"line":54,"column":46}},"32":{"start":{"line":55,"column":4},"end":{"line":55,"column":77}},"33":{"start":{"line":59,"column":23},"end":{"line":90,"column":1}},"34":{"start":{"line":60,"column":2},"end":{"line":89,"column":5}},"35":{"start":{"line":61,"column":22},"end":{"line":61,"column":49}},"36":{"start":{"line":62,"column":22},"end":{"line":62,"column":59}},"37":{"start":{"line":64,"column":4},"end":{"line":71,"column":7}},"38":{"start":{"line":65,"column":6},"end":{"line":70,"column":9}},"39":{"start":{"line":66,"column":8},"end":{"line":66,"column":41}},"40":{"start":{"line":67,"column":8},"end":{"line":67,"column":67}},"41":{"start":{"line":68,"column":8},"end":{"line":68,"column":58}},"42":{"start":{"line":69,"column":8},"end":{"line":69,"column":73}},"43":{"start":{"line":73,"column":4},"end":{"line":82,"column":7}},"44":{"start":{"line":74,"column":6},"end":{"line":74,"column":59}},"45":{"start":{"line":75,"column":6},"end":{"line":75,"column":68}},"46":{"start":{"line":76,"column":6},"end":{"line":76,"column":38}},"47":{"start":{"line":77,"column":6},"end":{"line":77,"column":68}},"48":{"start":{"line":78,"column":6},"end":{"line":81,"column":7}},"49":{"start":{"line":79,"column":8},"end":{"line":79,"column":60}},"50":{"start":{"line":80,"column":8},"end":{"line":80,"column":43}},"51":{"start":{"line":84,"column":4},"end":{"line":88,"column":7}},"52":{"start":{"line":85,"column":6},"end":{"line":85,"column":52}},"53":{"start":{"line":86,"column":6},"end":{"line":86,"column":53}},"54":{"start":{"line":87,"column":6},"end":{"line":87,"column":23}},"55":{"start":{"line":92,"column":25},"end":{"line":94,"column":1}},"56":{"start":{"line":93,"column":2},"end":{"line":93,"column":82}},"57":{"start":{"line":96,"column":19},"end":{"line":99,"column":1}},"58":{"start":{"line":97,"column":2},"end":{"line":97,"column":38}},"59":{"start":{"line":98,"column":2},"end":{"line":98,"column":75}},"60":{"start":{"line":101,"column":27},"end":{"line":118,"column":1}},"61":{"start":{"line":102,"column":2},"end":{"line":117,"column":5}},"62":{"start":{"line":103,"column":4},"end":{"line":103,"column":23}},"63":{"start":{"line":104,"column":17},"end":{"line":108,"column":5}},"64":{"start":{"line":110,"column":4},"end":{"line":112,"column":5}},"65":{"start":{"line":111,"column":6},"end":{"line":111,"column":23}},"66":{"start":{"line":113,"column":4},"end":{"line":113,"column":30}},"67":{"start":{"line":114,"column":4},"end":{"line":114,"column":39}},"68":{"start":{"line":115,"column":4},"end":{"line":115,"column":21}},"69":{"start":{"line":116,"column":4},"end":{"line":116,"column":29}}},"fnMap":{"0":{"name":"(anonymous_0)","decl":{"start":{"line":7,"column":26},"end":{"line":7,"column":27}},"loc":{"start":{"line":7,"column":45},"end":{"line":11,"column":1}},"line":7},"1":{"name":"(anonymous_1)","decl":{"start":{"line":13,"column":17},"end":{"line":13,"column":18}},"loc":{"start":{"line":13,"column":28},"end":{"line":18,"column":1}},"line":13},"2":{"name":"(anonymous_2)","decl":{"start":{"line":15,"column":16},"end":{"line":15,"column":17}},"loc":{"start":{"line":15,"column":29},"end":{"line":17,"column":3}},"line":15},"3":{"name":"(anonymous_3)","decl":{"start":{"line":20,"column":24},"end":{"line":20,"column":25}},"loc":{"start":{"line":20,"column":35},"end":{"line":27,"column":1}},"line":20},"4":{"name":"(anonymous_4)","decl":{"start":{"line":21,"column":34},"end":{"line":21,"column":35}},"loc":{"start":{"line":21,"column":44},"end":{"line":26,"column":3}},"line":21},"5":{"name":"(anonymous_5)","decl":{"start":{"line":29,"column":19},"end":{"line":29,"column":20}},"loc":{"start":{"line":29,"column":55},"end":{"line":46,"column":1}},"line":29},"6":{"name":"(anonymous_6)","decl":{"start":{"line":35,"column":36},"end":{"line":35,"column":37}},"loc":{"start":{"line":35,"column":44},"end":{"line":43,"column":5}},"line":35},"7":{"name":"(anonymous_7)","decl":{"start":{"line":48,"column":19},"end":{"line":48,"column":20}},"loc":{"start":{"line":48,"column":57},"end":{"line":57,"column":1}},"line":48},"8":{"name":"(anonymous_8)","decl":{"start":{"line":59,"column":23},"end":{"line":59,"column":24}},"loc":{"start":{"line":59,"column":29},"end":{"line":90,"column":1}},"line":59},"9":{"name":"(anonymous_9)","decl":{"start":{"line":60,"column":52},"end":{"line":60,"column":53}},"loc":{"start":{"line":60,"column":80},"end":{"line":89,"column":3}},"line":60},"10":{"name":"(anonymous_10)","decl":{"start":{"line":64,"column":60},"end":{"line":64,"column":61}},"loc":{"start":{"line":64,"column":66},"end":{"line":71,"column":5}},"line":64},"11":{"name":"(anonymous_11)","decl":{"start":{"line":65,"column":48},"end":{"line":65,"column":49}},"loc":{"start":{"line":65,"column":54},"end":{"line":70,"column":7}},"line":65},"12":{"name":"(anonymous_12)","decl":{"start":{"line":73,"column":63},"end":{"line":73,"column":64}},"loc":{"start":{"line":73,"column":69},"end":{"line":82,"column":5}},"line":73},"13":{"name":"(anonymous_13)","decl":{"start":{"line":84,"column":70},"end":{"line":84,"column":71}},"loc":{"start":{"line":84,"column":76},"end":{"line":88,"column":5}},"line":84},"14":{"name":"(anonymous_14)","decl":{"start":{"line":92,"column":25},"end":{"line":92,"column":26}},"loc":{"start":{"line":92,"column":31},"end":{"line":94,"column":1}},"line":92},"15":{"name":"(anonymous_15)","decl":{"start":{"line":96,"column":19},"end":{"line":96,"column":20}},"loc":{"start":{"line":96,"column":29},"end":{"line":99,"column":1}},"line":96},"16":{"name":"(anonymous_16)","decl":{"start":{"line":101,"column":27},"end":{"line":101,"column":28}},"loc":{"start":{"line":101,"column":33},"end":{"line":118,"column":1}},"line":101},"17":{"name":"(anonymous_17)","decl":{"start":{"line":102,"column":47},"end":{"line":102,"column":48}},"loc":{"start":{"line":102,"column":54},"end":{"line":117,"column":3}},"line":102}},"branchMap":{"0":{"loc":{"start":{"line":22,"column":4},"end":{"line":24,"column":5}},"type":"if","locations":[{"start":{"line":22,"column":4},"end":{"line":24,"column":5}},{"start":{},"end":{}}],"line":22},"1":{"loc":{"start":{"line":29,"column":27},"end":{"line":29,"column":39}},"type":"default-arg","locations":[{"start":{"line":29,"column":35},"end":{"line":29,"column":39}}],"line":29},"2":{"loc":{"start":{"line":30,"column":2},"end":{"line":44,"column":3}},"type":"if","locations":[{"start":{"line":30,"column":2},"end":{"line":44,"column":3}},{"start":{"line":34,"column":9},"end":{"line":44,"column":3}}],"line":30},"3":{"loc":{"start":{"line":30,"column":6},"end":{"line":30,"column":42}},"type":"binary-expr","locations":[{"start":{"line":30,"column":7},"end":{"line":30,"column":21}},{"start":{"line":30,"column":27},"end":{"line":30,"column":41}}],"line":30},"4":{"loc":{"start":{"line":36,"column":6},"end":{"line":41,"column":7}},"type":"if","locations":[{"start":{"line":36,"column":6},"end":{"line":41,"column":7}},{"start":{},"end":{}}],"line":36},"5":{"loc":{"start":{"line":49,"column":2},"end":{"line":56,"column":3}},"type":"if","locations":[{"start":{"line":49,"column":2},"end":{"line":56,"column":3}},{"start":{"line":51,"column":9},"end":{"line":56,"column":3}}],"line":49},"6":{"loc":{"start":{"line":78,"column":6},"end":{"line":81,"column":7}},"type":"if","locations":[{"start":{"line":78,"column":6},"end":{"line":81,"column":7}},{"start":{},"end":{}}],"line":78},"7":{"loc":{"start":{"line":107,"column":13},"end":{"line":107,"column":92}},"type":"cond-expr","locations":[{"start":{"line":107,"column":53},"end":{"line":107,"column":54}},{"start":{"line":107,"column":57},"end":{"line":107,"column":92}}],"line":107},"8":{"loc":{"start":{"line":110,"column":4},"end":{"line":112,"column":5}},"type":"if","locations":[{"start":{"line":110,"column":4},"end":{"line":112,"column":5}},{"start":{},"end":{}}],"line":110}},"s":{"0":2,"1":2,"2":7,"3":9,"4":2,"5":0,"6":0,"7":0,"8":2,"9":2,"10":4,"11":4,"12":4,"13":2,"14":0,"15":0,"16":0,"17":0,"18":0,"19":0,"20":0,"21":0,"22":0,"23":0,"24":0,"25":0,"26":2,"27":0,"28":0,"29":0,"30":0,"31":0,"32":0,"33":2,"34":0,"35":0,"36":0,"37":0,"38":0,"39":0,"40":0,"41":0,"42":0,"43":0,"44":0,"45":0,"46":0,"47":0,"48":0,"49":0,"50":0,"51":0,"52":0,"53":0,"54":0,"55":2,"56":0,"57":2,"58":11,"59":11,"60":2,"61":0,"62":0,"63":0,"64":0,"65":0,"66":0,"67":0,"68":0,"69":0},"f":{"0":7,"1":0,"2":0,"3":2,"4":4,"5":0,"6":0,"7":0,"8":0,"9":0,"10":0,"11":0,"12":0,"13":0,"14":0,"15":11,"16":0,"17":0},"b":{"0":[4,0],"1":[0],"2":[0,0],"3":[0,0],"4":[0,0],"5":[0,0],"6":[0,0],"7":[0,0],"8":[0,0]},"_coverageSchema":"1a1c01bbd47fc00a2c39e90264f33305004495a9","hash":"36d81cb56f75161615d9ebe9175da61cdcb85df6"}
,"C:\\Users\\GRA\\Desktop\\MICROVERSE\\ModuleII\\todo-list\\src\\module\\globalvar.js": {"path":"C:\\Users\\GRA\\Desktop\\MICROVERSE\\ModuleII\\todo-list\\src\\module\\globalvar.js","statementMap":{"0":{"start":{"line":1,"column":18},"end":{"line":1,"column":50}},"1":{"start":{"line":2,"column":17},"end":{"line":2,"column":49}},"2":{"start":{"line":3,"column":18},"end":{"line":3,"column":54}},"3":{"start":{"line":4,"column":17},"end":{"line":4,"column":53}},"4":{"start":{"line":5,"column":23},"end":{"line":5,"column":64}},"5":{"start":{"line":6,"column":24},"end":{"line":6,"column":62}},"6":{"start":{"line":7,"column":16},"end":{"line":7,"column":50}}},"fnMap":{},"branchMap":{},"s":{"0":2,"1":2,"2":2,"3":2,"4":2,"5":2,"6":2},"f":{},"b":{},"_coverageSchema":"1a1c01bbd47fc00a2c39e90264f33305004495a9","hash":"4e62eebac3ad9471b1f8341cfaf5deedd6715299"}
,"C:\\Users\\GRA\\Desktop\\MICROVERSE\\ModuleII\\todo-list\\src\\module\\interactiveList.js": {"path":"C:\\Users\\GRA\\Desktop\\MICROVERSE\\ModuleII\\todo-list\\src\\module\\interactiveList.js","statementMap":{"0":{"start":{"line":4,"column":25},"end":{"line":11,"column":1}},"1":{"start":{"line":5,"column":22},"end":{"line":8,"column":3}},"2":{"start":{"line":9,"column":2},"end":{"line":9,"column":48}},"3":{"start":{"line":10,"column":2},"end":{"line":10,"column":75}},"4":{"start":{"line":13,"column":33},"end":{"line":24,"column":1}},"5":{"start":{"line":14,"column":2},"end":{"line":23,"column":5}},"6":{"start":{"line":15,"column":4},"end":{"line":22,"column":7}},"7":{"start":{"line":16,"column":6},"end":{"line":20,"column":7}},"8":{"start":{"line":17,"column":8},"end":{"line":17,"column":50}},"9":{"start":{"line":19,"column":8},"end":{"line":19,"column":53}},"10":{"start":{"line":21,"column":6},"end":{"line":21,"column":30}},"11":{"start":{"line":26,"column":26},"end":{"line":36,"column":1}},"12":{"start":{"line":27,"column":25},"end":{"line":27,"column":91}},"13":{"start":{"line":27,"column":67},"end":{"line":27,"column":90}},"14":{"start":{"line":29,"column":2},"end":{"line":32,"column":5}},"15":{"start":{"line":30,"column":4},"end":{"line":30,"column":79}},"16":{"start":{"line":31,"column":4},"end":{"line":31,"column":32}},"17":{"start":{"line":33,"column":2},"end":{"line":33,"column":75}},"18":{"start":{"line":34,"column":2},"end":{"line":34,"column":37}},"19":{"start":{"line":35,"column":2},"end":{"line":35,"column":27}},"20":{"start":{"line":38,"column":34},"end":{"line":40,"column":1}},"21":{"start":{"line":39,"column":2},"end":{"line":39,"column":65}}},"fnMap":{"0":{"name":"(anonymous_0)","decl":{"start":{"line":4,"column":25},"end":{"line":4,"column":26}},"loc":{"start":{"line":4,"column":36},"end":{"line":11,"column":1}},"line":4},"1":{"name":"(anonymous_1)","decl":{"start":{"line":13,"column":33},"end":{"line":13,"column":34}},"loc":{"start":{"line":13,"column":39},"end":{"line":24,"column":1}},"line":13},"2":{"name":"(anonymous_2)","decl":{"start":{"line":14,"column":52},"end":{"line":14,"column":53}},"loc":{"start":{"line":14,"column":80},"end":{"line":23,"column":3}},"line":14},"3":{"name":"(anonymous_3)","decl":{"start":{"line":15,"column":63},"end":{"line":15,"column":64}},"loc":{"start":{"line":15,"column":69},"end":{"line":22,"column":5}},"line":15},"4":{"name":"(anonymous_4)","decl":{"start":{"line":26,"column":26},"end":{"line":26,"column":27}},"loc":{"start":{"line":26,"column":32},"end":{"line":36,"column":1}},"line":26},"5":{"name":"(anonymous_5)","decl":{"start":{"line":27,"column":57},"end":{"line":27,"column":58}},"loc":{"start":{"line":27,"column":67},"end":{"line":27,"column":90}},"line":27},"6":{"name":"(anonymous_6)","decl":{"start":{"line":29,"column":25},"end":{"line":29,"column":26}},"loc":{"start":{"line":29,"column":35},"end":{"line":32,"column":3}},"line":29},"7":{"name":"(anonymous_7)","decl":{"start":{"line":38,"column":34},"end":{"line":38,"column":35}},"loc":{"start":{"line":38,"column":40},"end":{"line":40,"column":1}},"line":38}},"branchMap":{"0":{"loc":{"start":{"line":16,"column":6},"end":{"line":20,"column":7}},"type":"if","locations":[{"start":{"line":16,"column":6},"end":{"line":20,"column":7}},{"start":{"line":18,"column":13},"end":{"line":20,"column":7}}],"line":16}},"s":{"0":1,"1":0,"2":0,"3":0,"4":1,"5":0,"6":0,"7":0,"8":0,"9":0,"10":0,"11":1,"12":0,"13":0,"14":0,"15":0,"16":0,"17":0,"18":0,"19":0,"20":1,"21":0},"f":{"0":0,"1":0,"2":0,"3":0,"4":0,"5":0,"6":0,"7":0},"b":{"0":[0,0]},"_coverageSchema":"1a1c01bbd47fc00a2c39e90264f33305004495a9","hash":"79cbbb8570a9ce992bed0ece44744db8de57633c"}
,"C:\\Users\\GRA\\Desktop\\MICROVERSE\\ModuleII\\todo-list\\src\\module\\taskTemplate.js": {"path":"C:\\Users\\GRA\\Desktop\\MICROVERSE\\ModuleII\\todo-list\\src\\module\\taskTemplate.js","statementMap":{"0":{"start":{"line":4,"column":27},"end":{"line":48,"column":1}},"1":{"start":{"line":5,"column":18},"end":{"line":5,"column":47}},"2":{"start":{"line":6,"column":2},"end":{"line":6,"column":32}},"3":{"start":{"line":8,"column":19},"end":{"line":8,"column":53}},"4":{"start":{"line":9,"column":2},"end":{"line":9,"column":30}},"5":{"start":{"line":10,"column":2},"end":{"line":10,"column":27}},"6":{"start":{"line":11,"column":2},"end":{"line":11,"column":27}},"7":{"start":{"line":12,"column":2},"end":{"line":12,"column":30}},"8":{"start":{"line":13,"column":2},"end":{"line":17,"column":3}},"9":{"start":{"line":14,"column":4},"end":{"line":14,"column":39}},"10":{"start":{"line":16,"column":4},"end":{"line":16,"column":42}},"11":{"start":{"line":18,"column":2},"end":{"line":18,"column":32}},"12":{"start":{"line":19,"column":2},"end":{"line":19,"column":42}},"13":{"start":{"line":21,"column":16},"end":{"line":21,"column":47}},"14":{"start":{"line":22,"column":2},"end":{"line":22,"column":26}},"15":{"start":{"line":23,"column":2},"end":{"line":23,"column":23}},"16":{"start":{"line":24,"column":2},"end":{"line":26,"column":3}},"17":{"start":{"line":25,"column":4},"end":{"line":25,"column":25}},"18":{"start":{"line":27,"column":21},"end":{"line":27,"column":84}},"19":{"start":{"line":28,"column":20},"end":{"line":28,"column":70}},"20":{"start":{"line":30,"column":15},"end":{"line":30,"column":45}},"21":{"start":{"line":31,"column":2},"end":{"line":31,"column":33}},"22":{"start":{"line":32,"column":2},"end":{"line":32,"column":31}},"23":{"start":{"line":33,"column":2},"end":{"line":33,"column":30}},"24":{"start":{"line":35,"column":20},"end":{"line":35,"column":50}},"25":{"start":{"line":36,"column":2},"end":{"line":36,"column":38}},"26":{"start":{"line":37,"column":2},"end":{"line":37,"column":35}},"27":{"start":{"line":38,"column":2},"end":{"line":38,"column":34}},"28":{"start":{"line":40,"column":2},"end":{"line":40,"column":34}},"29":{"start":{"line":42,"column":2},"end":{"line":42,"column":51}},"30":{"start":{"line":44,"column":13},"end":{"line":44,"column":41}},"31":{"start":{"line":45,"column":2},"end":{"line":45,"column":32}},"32":{"start":{"line":46,"column":2},"end":{"line":46,"column":21}},"33":{"start":{"line":47,"column":2},"end":{"line":47,"column":12}},"34":{"start":{"line":50,"column":20},"end":{"line":54,"column":1}},"35":{"start":{"line":51,"column":2},"end":{"line":53,"column":5}},"36":{"start":{"line":52,"column":4},"end":{"line":52,"column":29}}},"fnMap":{"0":{"name":"(anonymous_0)","decl":{"start":{"line":4,"column":27},"end":{"line":4,"column":28}},"loc":{"start":{"line":4,"column":37},"end":{"line":48,"column":1}},"line":4},"1":{"name":"(anonymous_1)","decl":{"start":{"line":50,"column":20},"end":{"line":50,"column":21}},"loc":{"start":{"line":50,"column":26},"end":{"line":54,"column":1}},"line":50},"2":{"name":"(anonymous_2)","decl":{"start":{"line":51,"column":45},"end":{"line":51,"column":46}},"loc":{"start":{"line":51,"column":51},"end":{"line":53,"column":3}},"line":51}},"branchMap":{"0":{"loc":{"start":{"line":13,"column":2},"end":{"line":17,"column":3}},"type":"if","locations":[{"start":{"line":13,"column":2},"end":{"line":17,"column":3}},{"start":{"line":15,"column":9},"end":{"line":17,"column":3}}],"line":13},"1":{"loc":{"start":{"line":24,"column":2},"end":{"line":26,"column":3}},"type":"if","locations":[{"start":{"line":24,"column":2},"end":{"line":26,"column":3}},{"start":{},"end":{}}],"line":24}},"s":{"0":2,"1":0,"2":0,"3":0,"4":0,"5":0,"6":0,"7":0,"8":0,"9":0,"10":0,"11":0,"12":0,"13":0,"14":0,"15":0,"16":0,"17":0,"18":0,"19":0,"20":0,"21":0,"22":0,"23":0,"24":0,"25":0,"26":0,"27":0,"28":0,"29":0,"30":0,"31":0,"32":0,"33":0,"34":2,"35":0,"36":0},"f":{"0":0,"1":0,"2":0},"b":{"0":[0,0],"1":[0,0]},"_coverageSchema":"1a1c01bbd47fc00a2c39e90264f33305004495a9","hash":"ac789f8f76706b39ab09acbefeff23b7ec457877"}
,"C:\\Users\\GRA\\Desktop\\MICROVERSE\\ModuleII\\todo-list\\src\\module\\tasksToDo.js": {"path":"C:\\Users\\GRA\\Desktop\\MICROVERSE\\ModuleII\\todo-list\\src\\module\\tasksToDo.js","statementMap":{"0":{"start":{"line":3,"column":4},"end":{"line":3,"column":129}}},"fnMap":{"0":{"name":"(anonymous_0)","decl":{"start":{"line":2,"column":2},"end":{"line":2,"column":3}},"loc":{"start":{"line":2,"column":16},"end":{"line":4,"column":3}},"line":2}},"branchMap":{"0":{"loc":{"start":{"line":3,"column":21},"end":{"line":3,"column":128}},"type":"cond-expr","locations":[{"start":{"line":3,"column":78},"end":{"line":3,"column":120}},{"start":{"line":3,"column":125},"end":{"line":3,"column":127}}],"line":3}},"s":{"0":2},"f":{"0":2},"b":{"0":[0,2]},"_coverageSchema":"1a1c01bbd47fc00a2c39e90264f33305004495a9","hash":"eab3067f90e4aaab1d7b62a1465c4dc4beb9ce60"}
}
